<?xml version="1.0" encoding="UTF-8" ?>
<testsuites disabled="0" errors="0" failures="1" tests="1" time="0.012">
 <testsuite name="Something" timestamp="2020-11-23T04:02:43" hostname="localhost" time="0.012" errors="0" tests="1" skipped="0" disabled="0" failures="1">
  <testcase classname="Something" name="should be true" time="0.008">
   <failure type="toBe" message="Expected true to be false."><![CDATA[Error: Expected true to be false.
    at <Jasmine>
    at UserContext.<anonymous> (/home/pi/p/cpextra/workflow/dump.js:3:22)
    at <Jasmine>
    at processImmediate (internal/timers.js:456:21)
    at process.topLevelDomainCallback (domain.js:137:15)]]>
   </failure>
  </testcase>
 </testsuite>
</testsuites>